<?xml version="1.0" encoding="UTF-8"?>
<!-- Generated by org.testng.reporters.JUnitXMLReporter -->
<testsuite ignored="0" hostname="DESKTOP-HGF497U" failures="1" tests="1" name="Testing Parameterization" time="0.097" errors="0" timestamp="2022-01-19T12:21:37 IST">
  <testcase classname="selenium_task.param" name="testCaseOne" time="0.016">
    <failure type="java.lang.NullPointerException" message="Cannot invoke &amp;quot;org.openqa.selenium.WebDriver.get(String)&amp;quot; because &amp;quot;SELENIUM.basemethods.driver&amp;quot; is null">
      <![CDATA[java.lang.NullPointerException: Cannot invoke "org.openqa.selenium.WebDriver.get(String)" because "SELENIUM.basemethods.driver" is null
at SELENIUM.basemethods.launchERP(basemethods.java:22)
at selenium_task.param.testCaseOne(param.java:20)
at java.base/java.util.ArrayList.forEach(ArrayList.java:1511)
... Removed 27 stack frames]]>
    </failure>
  </testcase> <!-- testCaseOne -->
</testsuite> <!-- Testing Parameterization -->
